2020/03/07 18:23:48 [error] [exception.CHttpException.404] CHttpException: Unable to resolve the request "api/list". in E:\xamppN\htdocs\blog\framework\web\CWebApplication.php:286
Stack trace:
#0 E:\xamppN\htdocs\blog\framework\web\CWebApplication.php(141): CWebApplication->runController('api/list')
#1 E:\xamppN\htdocs\blog\framework\base\CApplication.php(185): CWebApplication->processRequest()
#2 E:\xamppN\htdocs\blog\milad\index.php(11): CApplication->run()
#3 {main}
REQUEST_URI=/blog/milad/index.php/api/list
---
2020/03/07 18:26:42 [error] [php] Undefined index: model (E:\xamppN\htdocs\blog\milad\protected\controllers\ApiController.php:36)
Stack trace:
#0 E:\xamppN\htdocs\blog\framework\web\CController.php(286): ApiController->runAction()
#1 E:\xamppN\htdocs\blog\framework\web\CController.php(265): ApiController->runActionWithFilters()
#2 E:\xamppN\htdocs\blog\framework\web\CWebApplication.php(282): ApiController->run()
#3 E:\xamppN\htdocs\blog\framework\web\CWebApplication.php(141): CWebApplication->runController()
#4 E:\xamppN\htdocs\blog\framework\base\CApplication.php(185): CWebApplication->processRequest()
#5 E:\xamppN\htdocs\blog\milad\index.php(11): CWebApplication->run()
REQUEST_URI=/blog/milad/index.php/api/list
2020/03/07 18:27:35 [error] [php] Undefined index: model (E:\xamppN\htdocs\blog\milad\protected\controllers\ApiController.php:36)
Stack trace:
#0 E:\xamppN\htdocs\blog\framework\web\CController.php(286): ApiController->runAction()
#1 E:\xamppN\htdocs\blog\framework\web\CController.php(265): ApiController->runActionWithFilters()
#2 E:\xamppN\htdocs\blog\framework\web\CWebApplication.php(282): ApiController->run()
#3 E:\xamppN\htdocs\blog\framework\web\CWebApplication.php(141): CWebApplication->runController()
#4 E:\xamppN\htdocs\blog\framework\base\CApplication.php(185): CWebApplication->processRequest()
#5 E:\xamppN\htdocs\blog\milad\index.php(11): CWebApplication->run()
REQUEST_URI=/blog/milad/index.php/api/list
2020/03/07 18:27:37 [error] [php] Undefined index: model (E:\xamppN\htdocs\blog\milad\protected\controllers\ApiController.php:36)
Stack trace:
#0 E:\xamppN\htdocs\blog\framework\web\CController.php(286): ApiController->runAction()
#1 E:\xamppN\htdocs\blog\framework\web\CController.php(265): ApiController->runActionWithFilters()
#2 E:\xamppN\htdocs\blog\framework\web\CWebApplication.php(282): ApiController->run()
#3 E:\xamppN\htdocs\blog\framework\web\CWebApplication.php(141): CWebApplication->runController()
#4 E:\xamppN\htdocs\blog\framework\base\CApplication.php(185): CWebApplication->processRequest()
#5 E:\xamppN\htdocs\blog\milad\index.php(11): CWebApplication->run()
REQUEST_URI=/blog/milad/index.php/api/list
2020/03/07 18:27:38 [error] [php] Undefined index: model (E:\xamppN\htdocs\blog\milad\protected\controllers\ApiController.php:36)
Stack trace:
#0 E:\xamppN\htdocs\blog\framework\web\CController.php(286): ApiController->runAction()
#1 E:\xamppN\htdocs\blog\framework\web\CController.php(265): ApiController->runActionWithFilters()
#2 E:\xamppN\htdocs\blog\framework\web\CWebApplication.php(282): ApiController->run()
#3 E:\xamppN\htdocs\blog\framework\web\CWebApplication.php(141): CWebApplication->runController()
#4 E:\xamppN\htdocs\blog\framework\base\CApplication.php(185): CWebApplication->processRequest()
#5 E:\xamppN\htdocs\blog\milad\index.php(11): CWebApplication->run()
REQUEST_URI=/blog/milad/index.php/api/list
2020/03/07 18:28:13 [error] [php] Undefined index: model (E:\xamppN\htdocs\blog\milad\protected\controllers\ApiController.php:36)
Stack trace:
#0 E:\xamppN\htdocs\blog\framework\web\CController.php(286): ApiController->runAction()
#1 E:\xamppN\htdocs\blog\framework\web\CController.php(265): ApiController->runActionWithFilters()
#2 E:\xamppN\htdocs\blog\framework\web\CWebApplication.php(282): ApiController->run()
#3 E:\xamppN\htdocs\blog\framework\web\CWebApplication.php(141): CWebApplication->runController()
#4 E:\xamppN\htdocs\blog\framework\base\CApplication.php(185): CWebApplication->processRequest()
#5 E:\xamppN\htdocs\blog\milad\index.php(11): CWebApplication->run()
REQUEST_URI=/blog/milad/index.php/api/list
2020/03/07 18:28:13 [error] [php] Undefined index: model (E:\xamppN\htdocs\blog\milad\protected\controllers\ApiController.php:36)
Stack trace:
#0 E:\xamppN\htdocs\blog\framework\web\CController.php(286): ApiController->runAction()
#1 E:\xamppN\htdocs\blog\framework\web\CController.php(265): ApiController->runActionWithFilters()
#2 E:\xamppN\htdocs\blog\framework\web\CWebApplication.php(282): ApiController->run()
#3 E:\xamppN\htdocs\blog\framework\web\CWebApplication.php(141): CWebApplication->runController()
#4 E:\xamppN\htdocs\blog\framework\base\CApplication.php(185): CWebApplication->processRequest()
#5 E:\xamppN\htdocs\blog\milad\index.php(11): CWebApplication->run()
REQUEST_URI=/blog/milad/index.php/api/list
2020/03/07 18:28:14 [error] [php] Undefined index: model (E:\xamppN\htdocs\blog\milad\protected\controllers\ApiController.php:36)
Stack trace:
#0 E:\xamppN\htdocs\blog\framework\web\CController.php(286): ApiController->runAction()
#1 E:\xamppN\htdocs\blog\framework\web\CController.php(265): ApiController->runActionWithFilters()
#2 E:\xamppN\htdocs\blog\framework\web\CWebApplication.php(282): ApiController->run()
#3 E:\xamppN\htdocs\blog\framework\web\CWebApplication.php(141): CWebApplication->runController()
#4 E:\xamppN\htdocs\blog\framework\base\CApplication.php(185): CWebApplication->processRequest()
#5 E:\xamppN\htdocs\blog\milad\index.php(11): CWebApplication->run()
REQUEST_URI=/blog/milad/index.php/api/list
2020/03/07 18:32:00 [error] [exception.ParseError] ParseError: syntax error, unexpected 'break' (T_BREAK) in E:\xamppN\htdocs\blog\milad\protected\controllers\ApiController.php:40
Stack trace:
#0 E:\xamppN\htdocs\blog\framework\web\CWebApplication.php(276): CWebApplication->createController('list/')
#1 E:\xamppN\htdocs\blog\framework\web\CWebApplication.php(141): CWebApplication->runController('api/list')
#2 E:\xamppN\htdocs\blog\framework\base\CApplication.php(185): CWebApplication->processRequest()
#3 E:\xamppN\htdocs\blog\milad\index.php(11): CApplication->run()
#4 {main}
REQUEST_URI=/blog/milad/index.php/api/list
---
2020/03/07 18:32:11 [error] [php] Undefined index: model (E:\xamppN\htdocs\blog\milad\protected\controllers\ApiController.php:36)
Stack trace:
#0 E:\xamppN\htdocs\blog\framework\web\CController.php(286): ApiController->runAction()
#1 E:\xamppN\htdocs\blog\framework\web\CController.php(265): ApiController->runActionWithFilters()
#2 E:\xamppN\htdocs\blog\framework\web\CWebApplication.php(282): ApiController->run()
#3 E:\xamppN\htdocs\blog\framework\web\CWebApplication.php(141): CWebApplication->runController()
#4 E:\xamppN\htdocs\blog\framework\base\CApplication.php(185): CWebApplication->processRequest()
#5 E:\xamppN\htdocs\blog\milad\index.php(11): CWebApplication->run()
REQUEST_URI=/blog/milad/index.php/api/list
2020/03/07 18:33:07 [error] [php] Undefined index: model (E:\xamppN\htdocs\blog\milad\protected\controllers\ApiController.php:36)
Stack trace:
#0 E:\xamppN\htdocs\blog\framework\web\CController.php(286): ApiController->runAction()
#1 E:\xamppN\htdocs\blog\framework\web\CController.php(265): ApiController->runActionWithFilters()
#2 E:\xamppN\htdocs\blog\framework\web\CWebApplication.php(282): ApiController->run()
#3 E:\xamppN\htdocs\blog\framework\web\CWebApplication.php(141): CWebApplication->runController()
#4 E:\xamppN\htdocs\blog\framework\base\CApplication.php(185): CWebApplication->processRequest()
#5 E:\xamppN\htdocs\blog\milad\index.php(11): CWebApplication->run()
REQUEST_URI=/blog/milad/index.php/api/list
2020/03/07 18:33:29 [error] [php] Undefined index: model (E:\xamppN\htdocs\blog\milad\protected\controllers\ApiController.php:36)
Stack trace:
#0 E:\xamppN\htdocs\blog\framework\web\CController.php(286): ApiController->runAction()
#1 E:\xamppN\htdocs\blog\framework\web\CController.php(265): ApiController->runActionWithFilters()
#2 E:\xamppN\htdocs\blog\framework\web\CWebApplication.php(282): ApiController->run()
#3 E:\xamppN\htdocs\blog\framework\web\CWebApplication.php(141): CWebApplication->runController()
#4 E:\xamppN\htdocs\blog\framework\base\CApplication.php(185): CWebApplication->processRequest()
#5 E:\xamppN\htdocs\blog\milad\index.php(11): CWebApplication->run()
REQUEST_URI=/blog/milad/index.php/api/list
2020/03/07 18:33:35 [error] [php] Undefined index: model (E:\xamppN\htdocs\blog\milad\protected\controllers\ApiController.php:36)
Stack trace:
#0 E:\xamppN\htdocs\blog\framework\web\CController.php(286): ApiController->runAction()
#1 E:\xamppN\htdocs\blog\framework\web\CController.php(265): ApiController->runActionWithFilters()
#2 E:\xamppN\htdocs\blog\framework\web\CWebApplication.php(282): ApiController->run()
#3 E:\xamppN\htdocs\blog\framework\web\CWebApplication.php(141): CWebApplication->runController()
#4 E:\xamppN\htdocs\blog\framework\base\CApplication.php(185): CWebApplication->processRequest()
#5 E:\xamppN\htdocs\blog\milad\index.php(11): CWebApplication->run()
REQUEST_URI=/blog/milad/index.php/api/list
2020/03/07 18:33:42 [error] [exception.ParseError] ParseError: syntax error, unexpected 'echo' (T_ECHO), expecting case (T_CASE) or default (T_DEFAULT) or '}' in E:\xamppN\htdocs\blog\milad\protected\controllers\ApiController.php:37
Stack trace:
#0 E:\xamppN\htdocs\blog\framework\web\CWebApplication.php(276): CWebApplication->createController('list/')
#1 E:\xamppN\htdocs\blog\framework\web\CWebApplication.php(141): CWebApplication->runController('api/list')
#2 E:\xamppN\htdocs\blog\framework\base\CApplication.php(185): CWebApplication->processRequest()
#3 E:\xamppN\htdocs\blog\milad\index.php(11): CApplication->run()
#4 {main}
REQUEST_URI=/blog/milad/index.php/api/list
---
2020/03/07 18:33:52 [error] [php] Undefined index: model (E:\xamppN\htdocs\blog\milad\protected\controllers\ApiController.php:36)
Stack trace:
#0 E:\xamppN\htdocs\blog\framework\web\CController.php(286): ApiController->runAction()
#1 E:\xamppN\htdocs\blog\framework\web\CController.php(265): ApiController->runActionWithFilters()
#2 E:\xamppN\htdocs\blog\framework\web\CWebApplication.php(282): ApiController->run()
#3 E:\xamppN\htdocs\blog\framework\web\CWebApplication.php(141): CWebApplication->runController()
#4 E:\xamppN\htdocs\blog\framework\base\CApplication.php(185): CWebApplication->processRequest()
#5 E:\xamppN\htdocs\blog\milad\index.php(11): CWebApplication->run()
REQUEST_URI=/blog/milad/index.php/api/list
2020/03/07 18:34:01 [error] [php] Undefined index: model (E:\xamppN\htdocs\blog\milad\protected\controllers\ApiController.php:36)
Stack trace:
#0 E:\xamppN\htdocs\blog\framework\web\CController.php(286): ApiController->runAction()
#1 E:\xamppN\htdocs\blog\framework\web\CController.php(265): ApiController->runActionWithFilters()
#2 E:\xamppN\htdocs\blog\framework\web\CWebApplication.php(282): ApiController->run()
#3 E:\xamppN\htdocs\blog\framework\web\CWebApplication.php(141): CWebApplication->runController()
#4 E:\xamppN\htdocs\blog\framework\base\CApplication.php(185): CWebApplication->processRequest()
#5 E:\xamppN\htdocs\blog\milad\index.php(11): CWebApplication->run()
REQUEST_URI=/blog/milad/index.php/api/list
2020/03/07 18:34:06 [error] [php] Undefined index: model (E:\xamppN\htdocs\blog\milad\protected\controllers\ApiController.php:36)
Stack trace:
#0 E:\xamppN\htdocs\blog\framework\web\CController.php(286): ApiController->runAction()
#1 E:\xamppN\htdocs\blog\framework\web\CController.php(265): ApiController->runActionWithFilters()
#2 E:\xamppN\htdocs\blog\framework\web\CWebApplication.php(282): ApiController->run()
#3 E:\xamppN\htdocs\blog\framework\web\CWebApplication.php(141): CWebApplication->runController()
#4 E:\xamppN\htdocs\blog\framework\base\CApplication.php(185): CWebApplication->processRequest()
#5 E:\xamppN\htdocs\blog\milad\index.php(11): CWebApplication->run()
REQUEST_URI=/blog/milad/index.php/api/list
2020/03/07 18:34:11 [error] [php] Undefined index: model (E:\xamppN\htdocs\blog\milad\protected\controllers\ApiController.php:36)
Stack trace:
#0 E:\xamppN\htdocs\blog\framework\web\CController.php(286): ApiController->runAction()
#1 E:\xamppN\htdocs\blog\framework\web\CController.php(265): ApiController->runActionWithFilters()
#2 E:\xamppN\htdocs\blog\framework\web\CWebApplication.php(282): ApiController->run()
#3 E:\xamppN\htdocs\blog\framework\web\CWebApplication.php(141): CWebApplication->runController()
#4 E:\xamppN\htdocs\blog\framework\base\CApplication.php(185): CWebApplication->processRequest()
#5 E:\xamppN\htdocs\blog\milad\index.php(11): CWebApplication->run()
REQUEST_URI=/blog/milad/index.php/api/list
2020/03/07 18:34:20 [error] [php] Undefined index: model (E:\xamppN\htdocs\blog\milad\protected\controllers\ApiController.php:36)
Stack trace:
#0 E:\xamppN\htdocs\blog\framework\web\CController.php(286): ApiController->runAction()
#1 E:\xamppN\htdocs\blog\framework\web\CController.php(265): ApiController->runActionWithFilters()
#2 E:\xamppN\htdocs\blog\framework\web\CWebApplication.php(282): ApiController->run()
#3 E:\xamppN\htdocs\blog\framework\web\CWebApplication.php(141): CWebApplication->runController()
#4 E:\xamppN\htdocs\blog\framework\base\CApplication.php(185): CWebApplication->processRequest()
#5 E:\xamppN\htdocs\blog\milad\index.php(11): CWebApplication->run()
REQUEST_URI=/blog/milad/index.php/api/list
2020/03/07 18:34:30 [error] [php] Undefined index: model (E:\xamppN\htdocs\blog\milad\protected\controllers\ApiController.php:36)
Stack trace:
#0 E:\xamppN\htdocs\blog\framework\web\CController.php(286): ApiController->runAction()
#1 E:\xamppN\htdocs\blog\framework\web\CController.php(265): ApiController->runActionWithFilters()
#2 E:\xamppN\htdocs\blog\framework\web\CWebApplication.php(282): ApiController->run()
#3 E:\xamppN\htdocs\blog\framework\web\CWebApplication.php(141): CWebApplication->runController()
#4 E:\xamppN\htdocs\blog\framework\base\CApplication.php(185): CWebApplication->processRequest()
#5 E:\xamppN\htdocs\blog\milad\index.php(11): CWebApplication->run()
REQUEST_URI=/blog/milad/index.php/api/list
2020/03/07 18:34:33 [error] [php] Undefined index: model (E:\xamppN\htdocs\blog\milad\protected\controllers\ApiController.php:36)
Stack trace:
#0 E:\xamppN\htdocs\blog\framework\web\CController.php(286): ApiController->runAction()
#1 E:\xamppN\htdocs\blog\framework\web\CController.php(265): ApiController->runActionWithFilters()
#2 E:\xamppN\htdocs\blog\framework\web\CWebApplication.php(282): ApiController->run()
#3 E:\xamppN\htdocs\blog\framework\web\CWebApplication.php(141): CWebApplication->runController()
#4 E:\xamppN\htdocs\blog\framework\base\CApplication.php(185): CWebApplication->processRequest()
#5 E:\xamppN\htdocs\blog\milad\index.php(11): CWebApplication->run()
REQUEST_URI=/blog/milad/index.php/api/list
2020/03/07 18:34:45 [error] [php] Undefined index: model (E:\xamppN\htdocs\blog\milad\protected\controllers\ApiController.php:36)
Stack trace:
#0 E:\xamppN\htdocs\blog\framework\web\CController.php(286): ApiController->runAction()
#1 E:\xamppN\htdocs\blog\framework\web\CController.php(265): ApiController->runActionWithFilters()
#2 E:\xamppN\htdocs\blog\framework\web\CWebApplication.php(282): ApiController->run()
#3 E:\xamppN\htdocs\blog\framework\web\CWebApplication.php(141): CWebApplication->runController()
#4 E:\xamppN\htdocs\blog\framework\base\CApplication.php(185): CWebApplication->processRequest()
#5 E:\xamppN\htdocs\blog\milad\index.php(11): CWebApplication->run()
REQUEST_URI=/blog/milad/index.php/api/list
2020/03/07 18:35:05 [error] [php] Undefined index: model (E:\xamppN\htdocs\blog\milad\protected\controllers\ApiController.php:36)
Stack trace:
#0 E:\xamppN\htdocs\blog\framework\web\CController.php(286): ApiController->runAction()
#1 E:\xamppN\htdocs\blog\framework\web\CController.php(265): ApiController->runActionWithFilters()
#2 E:\xamppN\htdocs\blog\framework\web\CWebApplication.php(282): ApiController->run()
#3 E:\xamppN\htdocs\blog\framework\web\CWebApplication.php(141): CWebApplication->runController()
#4 E:\xamppN\htdocs\blog\framework\base\CApplication.php(185): CWebApplication->processRequest()
#5 E:\xamppN\htdocs\blog\milad\index.php(11): CWebApplication->run()
REQUEST_URI=/blog/milad/index.php/api/list
2020/03/07 18:35:09 [error] [php] Undefined index: model (E:\xamppN\htdocs\blog\milad\protected\controllers\ApiController.php:36)
Stack trace:
#0 E:\xamppN\htdocs\blog\framework\web\CController.php(286): ApiController->runAction()
#1 E:\xamppN\htdocs\blog\framework\web\CController.php(265): ApiController->runActionWithFilters()
#2 E:\xamppN\htdocs\blog\framework\web\CWebApplication.php(282): ApiController->run()
#3 E:\xamppN\htdocs\blog\framework\web\CWebApplication.php(141): CWebApplication->runController()
#4 E:\xamppN\htdocs\blog\framework\base\CApplication.php(185): CWebApplication->processRequest()
#5 E:\xamppN\htdocs\blog\milad\index.php(11): CWebApplication->run()
REQUEST_URI=/blog/milad/index.php/api/list
2020/03/07 18:35:23 [error] [php] Undefined index: model2 (E:\xamppN\htdocs\blog\milad\protected\controllers\ApiController.php:36)
Stack trace:
#0 E:\xamppN\htdocs\blog\framework\web\CController.php(286): ApiController->runAction()
#1 E:\xamppN\htdocs\blog\framework\web\CController.php(265): ApiController->runActionWithFilters()
#2 E:\xamppN\htdocs\blog\framework\web\CWebApplication.php(282): ApiController->run()
#3 E:\xamppN\htdocs\blog\framework\web\CWebApplication.php(141): CWebApplication->runController()
#4 E:\xamppN\htdocs\blog\framework\base\CApplication.php(185): CWebApplication->processRequest()
#5 E:\xamppN\htdocs\blog\milad\index.php(11): CWebApplication->run()
REQUEST_URI=/blog/milad/index.php/api/list
2020/03/07 18:35:38 [error] [php] Undefined index: model (E:\xamppN\htdocs\blog\milad\protected\controllers\ApiController.php:36)
Stack trace:
#0 E:\xamppN\htdocs\blog\framework\web\CController.php(286): ApiController->runAction()
#1 E:\xamppN\htdocs\blog\framework\web\CController.php(265): ApiController->runActionWithFilters()
#2 E:\xamppN\htdocs\blog\framework\web\CWebApplication.php(282): ApiController->run()
#3 E:\xamppN\htdocs\blog\framework\web\CWebApplication.php(141): CWebApplication->runController()
#4 E:\xamppN\htdocs\blog\framework\base\CApplication.php(185): CWebApplication->processRequest()
#5 E:\xamppN\htdocs\blog\milad\index.php(11): CWebApplication->run()
REQUEST_URI=/blog/milad/index.php/api/list/post
2020/03/07 18:48:24 [error] [exception.CHttpException.404] CHttpException: The system is unable to find the requested action "post". in E:\xamppN\htdocs\blog\framework\web\CController.php:486
Stack trace:
#0 E:\xamppN\htdocs\blog\framework\web\CController.php(270): CController->missingAction('post')
#1 E:\xamppN\htdocs\blog\framework\web\CWebApplication.php(282): CController->run('post')
#2 E:\xamppN\htdocs\blog\framework\web\CWebApplication.php(141): CWebApplication->runController('api/post')
#3 E:\xamppN\htdocs\blog\framework\base\CApplication.php(185): CWebApplication->processRequest()
#4 E:\xamppN\htdocs\blog\milad\index.php(11): CApplication->run()
#5 {main}
REQUEST_URI=/blog/milad/index.php/api/post
---
2020/03/07 18:48:47 [error] [exception.CHttpException.404] CHttpException: The system is unable to find the requested action "post". in E:\xamppN\htdocs\blog\framework\web\CController.php:486
Stack trace:
#0 E:\xamppN\htdocs\blog\framework\web\CController.php(270): CController->missingAction('post')
#1 E:\xamppN\htdocs\blog\framework\web\CWebApplication.php(282): CController->run('post')
#2 E:\xamppN\htdocs\blog\framework\web\CWebApplication.php(141): CWebApplication->runController('api/post/index')
#3 E:\xamppN\htdocs\blog\framework\base\CApplication.php(185): CWebApplication->processRequest()
#4 E:\xamppN\htdocs\blog\milad\index.php(11): CApplication->run()
#5 {main}
REQUEST_URI=/blog/milad/index.php/api/post/index
---
2020/03/07 18:49:13 [error] [exception.CHttpException.404] CHttpException: The system is unable to find the requested action "posts". in E:\xamppN\htdocs\blog\framework\web\CController.php:486
Stack trace:
#0 E:\xamppN\htdocs\blog\framework\web\CController.php(270): CController->missingAction('posts')
#1 E:\xamppN\htdocs\blog\framework\web\CWebApplication.php(282): CController->run('posts')
#2 E:\xamppN\htdocs\blog\framework\web\CWebApplication.php(141): CWebApplication->runController('api/posts/index')
#3 E:\xamppN\htdocs\blog\framework\base\CApplication.php(185): CWebApplication->processRequest()
#4 E:\xamppN\htdocs\blog\milad\index.php(11): CApplication->run()
#5 {main}
REQUEST_URI=/blog/milad/index.php/api/posts/index
---
2020/03/07 18:49:36 [error] [exception.CException] CException: ApiController and its behaviors do not have a method or closure named "_sendResponse". in E:\xamppN\htdocs\blog\framework\base\CComponent.php:266
Stack trace:
#0 E:\xamppN\htdocs\blog\milad\protected\controllers\ApiController.php(85): CComponent->__call('_sendResponse', Array)
#1 E:\xamppN\htdocs\blog\framework\web\actions\CInlineAction.php(49): ApiController->actionView()
#2 E:\xamppN\htdocs\blog\framework\web\CController.php(308): CInlineAction->runWithParams(Array)
#3 E:\xamppN\htdocs\blog\framework\web\CController.php(286): CController->runAction(Object(CInlineAction))
#4 E:\xamppN\htdocs\blog\framework\web\CController.php(265): CController->runActionWithFilters(Object(CInlineAction), Array)
#5 E:\xamppN\htdocs\blog\framework\web\CWebApplication.php(282): CController->run('view')
#6 E:\xamppN\htdocs\blog\framework\web\CWebApplication.php(141): CWebApplication->runController('api/view')
#7 E:\xamppN\htdocs\blog\framework\base\CApplication.php(185): CWebApplication->processRequest()
#8 E:\xamppN\htdocs\blog\milad\index.php(11): CApplication->run()
#9 {main}
REQUEST_URI=/blog/milad/index.php/api/posts/2
---
2020/03/07 18:50:35 [error] [exception.CException] CException: ApiController and its behaviors do not have a method or closure named "_getStatusCodeMessage". in E:\xamppN\htdocs\blog\framework\base\CComponent.php:266
Stack trace:
#0 E:\xamppN\htdocs\blog\milad\protected\controllers\ApiController.php(91): CComponent->__call('_getStatusCodeM...', Array)
#1 E:\xamppN\htdocs\blog\milad\protected\controllers\ApiController.php(85): ApiController->_sendResponse(200, '{"id":"2","titl...')
#2 E:\xamppN\htdocs\blog\framework\web\actions\CInlineAction.php(49): ApiController->actionView()
#3 E:\xamppN\htdocs\blog\framework\web\CController.php(308): CInlineAction->runWithParams(Array)
#4 E:\xamppN\htdocs\blog\framework\web\CController.php(286): CController->runAction(Object(CInlineAction))
#5 E:\xamppN\htdocs\blog\framework\web\CController.php(265): CController->runActionWithFilters(Object(CInlineAction), Array)
#6 E:\xamppN\htdocs\blog\framework\web\CWebApplication.php(282): CController->run('view')
#7 E:\xamppN\htdocs\blog\framework\web\CWebApplication.php(141): CWebApplication->runController('api/view')
#8 E:\xamppN\htdocs\blog\framework\base\CApplication.php(185): CWebApplication->processRequest()
#9 E:\xamppN\htdocs\blog\milad\index.php(11): CApplication->run()
#10 {main}
REQUEST_URI=/blog/milad/index.php/api/posts/2
---
2020/03/07 18:51:12 [error] [exception.CHttpException.404] CHttpException: The system is unable to find the requested action "posts". in E:\xamppN\htdocs\blog\framework\web\CController.php:486
Stack trace:
#0 E:\xamppN\htdocs\blog\framework\web\CController.php(270): CController->missingAction('posts')
#1 E:\xamppN\htdocs\blog\framework\web\CWebApplication.php(282): CController->run('posts')
#2 E:\xamppN\htdocs\blog\framework\web\CWebApplication.php(141): CWebApplication->runController('api/posts')
#3 E:\xamppN\htdocs\blog\framework\base\CApplication.php(185): CWebApplication->processRequest()
#4 E:\xamppN\htdocs\blog\milad\index.php(11): CApplication->run()
#5 {main}
REQUEST_URI=/blog/milad/index.php/api/posts/
---
2020/03/07 18:51:16 [error] [exception.CHttpException.404] CHttpException: The system is unable to find the requested action "posts". in E:\xamppN\htdocs\blog\framework\web\CController.php:486
Stack trace:
#0 E:\xamppN\htdocs\blog\framework\web\CController.php(270): CController->missingAction('posts')
#1 E:\xamppN\htdocs\blog\framework\web\CWebApplication.php(282): CController->run('posts')
#2 E:\xamppN\htdocs\blog\framework\web\CWebApplication.php(141): CWebApplication->runController('api/posts/index')
#3 E:\xamppN\htdocs\blog\framework\base\CApplication.php(185): CWebApplication->processRequest()
#4 E:\xamppN\htdocs\blog\milad\index.php(11): CApplication->run()
#5 {main}
REQUEST_URI=/blog/milad/index.php/api/posts/index
---
2020/03/07 18:51:26 [error] [exception.CHttpException.404] CHttpException: The system is unable to find the requested action "post". in E:\xamppN\htdocs\blog\framework\web\CController.php:486
Stack trace:
#0 E:\xamppN\htdocs\blog\framework\web\CController.php(270): CController->missingAction('post')
#1 E:\xamppN\htdocs\blog\framework\web\CWebApplication.php(282): CController->run('post')
#2 E:\xamppN\htdocs\blog\framework\web\CWebApplication.php(141): CWebApplication->runController('api/post/index')
#3 E:\xamppN\htdocs\blog\framework\base\CApplication.php(185): CWebApplication->processRequest()
#4 E:\xamppN\htdocs\blog\milad\index.php(11): CApplication->run()
#5 {main}
REQUEST_URI=/blog/milad/index.php/api/post/index
---
2020/03/07 18:53:55 [error] [exception.CHttpException.404] CHttpException: The system is unable to find the requested action "posts". in E:\xamppN\htdocs\blog\framework\web\CController.php:486
Stack trace:
#0 E:\xamppN\htdocs\blog\framework\web\CController.php(270): CController->missingAction('posts')
#1 E:\xamppN\htdocs\blog\framework\web\CWebApplication.php(282): CController->run('posts')
#2 E:\xamppN\htdocs\blog\framework\web\CWebApplication.php(141): CWebApplication->runController('api/posts/index')
#3 E:\xamppN\htdocs\blog\framework\base\CApplication.php(185): CWebApplication->processRequest()
#4 E:\xamppN\htdocs\blog\milad\index.php(11): CApplication->run()
#5 {main}
REQUEST_URI=/blog/milad/index.php/api/posts/index
---
2020/03/07 18:53:57 [error] [exception.CHttpException.404] CHttpException: The system is unable to find the requested action "posts". in E:\xamppN\htdocs\blog\framework\web\CController.php:486
Stack trace:
#0 E:\xamppN\htdocs\blog\framework\web\CController.php(270): CController->missingAction('posts')
#1 E:\xamppN\htdocs\blog\framework\web\CWebApplication.php(282): CController->run('posts')
#2 E:\xamppN\htdocs\blog\framework\web\CWebApplication.php(141): CWebApplication->runController('api/posts')
#3 E:\xamppN\htdocs\blog\framework\base\CApplication.php(185): CWebApplication->processRequest()
#4 E:\xamppN\htdocs\blog\milad\index.php(11): CApplication->run()
#5 {main}
REQUEST_URI=/blog/milad/index.php/api/posts/
---
2020/03/07 18:54:37 [error] [exception.CHttpException.404] CHttpException: The system is unable to find the requested action "posts". in E:\xamppN\htdocs\blog\framework\web\CController.php:486
Stack trace:
#0 E:\xamppN\htdocs\blog\framework\web\CController.php(270): CController->missingAction('posts')
#1 E:\xamppN\htdocs\blog\framework\web\CWebApplication.php(282): CController->run('posts')
#2 E:\xamppN\htdocs\blog\framework\web\CWebApplication.php(141): CWebApplication->runController('api/posts')
#3 E:\xamppN\htdocs\blog\framework\base\CApplication.php(185): CWebApplication->processRequest()
#4 E:\xamppN\htdocs\blog\milad\index.php(11): CApplication->run()
#5 {main}
REQUEST_URI=/blog/milad/index.php/api/posts
---
2020/03/07 18:54:40 [error] [exception.CHttpException.404] CHttpException: The system is unable to find the requested action "post". in E:\xamppN\htdocs\blog\framework\web\CController.php:486
Stack trace:
#0 E:\xamppN\htdocs\blog\framework\web\CController.php(270): CController->missingAction('post')
#1 E:\xamppN\htdocs\blog\framework\web\CWebApplication.php(282): CController->run('post')
#2 E:\xamppN\htdocs\blog\framework\web\CWebApplication.php(141): CWebApplication->runController('api/post')
#3 E:\xamppN\htdocs\blog\framework\base\CApplication.php(185): CWebApplication->processRequest()
#4 E:\xamppN\htdocs\blog\milad\index.php(11): CApplication->run()
#5 {main}
REQUEST_URI=/blog/milad/index.php/api/post
---
2020/03/07 18:54:44 [error] [exception.CHttpException.404] CHttpException: The system is unable to find the requested action "posts". in E:\xamppN\htdocs\blog\framework\web\CController.php:486
Stack trace:
#0 E:\xamppN\htdocs\blog\framework\web\CController.php(270): CController->missingAction('posts')
#1 E:\xamppN\htdocs\blog\framework\web\CWebApplication.php(282): CController->run('posts')
#2 E:\xamppN\htdocs\blog\framework\web\CWebApplication.php(141): CWebApplication->runController('api/posts')
#3 E:\xamppN\htdocs\blog\framework\base\CApplication.php(185): CWebApplication->processRequest()
#4 E:\xamppN\htdocs\blog\milad\index.php(11): CApplication->run()
#5 {main}
REQUEST_URI=/blog/milad/index.php/api/posts
---
2020/03/07 18:54:45 [error] [exception.CHttpException.404] CHttpException: The system is unable to find the requested action "post". in E:\xamppN\htdocs\blog\framework\web\CController.php:486
Stack trace:
#0 E:\xamppN\htdocs\blog\framework\web\CController.php(270): CController->missingAction('post')
#1 E:\xamppN\htdocs\blog\framework\web\CWebApplication.php(282): CController->run('post')
#2 E:\xamppN\htdocs\blog\framework\web\CWebApplication.php(141): CWebApplication->runController('api/post')
#3 E:\xamppN\htdocs\blog\framework\base\CApplication.php(185): CWebApplication->processRequest()
#4 E:\xamppN\htdocs\blog\milad\index.php(11): CApplication->run()
#5 {main}
REQUEST_URI=/blog/milad/index.php/api/post
---
2020/03/07 18:54:46 [error] [exception.CHttpException.404] CHttpException: The system is unable to find the requested action "posts". in E:\xamppN\htdocs\blog\framework\web\CController.php:486
Stack trace:
#0 E:\xamppN\htdocs\blog\framework\web\CController.php(270): CController->missingAction('posts')
#1 E:\xamppN\htdocs\blog\framework\web\CWebApplication.php(282): CController->run('posts')
#2 E:\xamppN\htdocs\blog\framework\web\CWebApplication.php(141): CWebApplication->runController('api/posts')
#3 E:\xamppN\htdocs\blog\framework\base\CApplication.php(185): CWebApplication->processRequest()
#4 E:\xamppN\htdocs\blog\milad\index.php(11): CApplication->run()
#5 {main}
REQUEST_URI=/blog/milad/index.php/api/posts
---
2020/03/07 18:56:13 [error] [exception.CHttpException.404] CHttpException: The system is unable to find the requested action "posts". in E:\xamppN\htdocs\blog\framework\web\CController.php:486
Stack trace:
#0 E:\xamppN\htdocs\blog\framework\web\CController.php(270): CController->missingAction('posts')
#1 E:\xamppN\htdocs\blog\framework\web\CWebApplication.php(282): CController->run('posts')
#2 E:\xamppN\htdocs\blog\framework\web\CWebApplication.php(141): CWebApplication->runController('api/posts')
#3 E:\xamppN\htdocs\blog\framework\base\CApplication.php(185): CWebApplication->processRequest()
#4 E:\xamppN\htdocs\blog\milad\index.php(11): CApplication->run()
#5 {main}
REQUEST_URI=/blog/milad/index.php/api/posts
---
2020/03/07 18:56:58 [error] [exception.CHttpException.404] CHttpException: The system is unable to find the requested action "posts". in E:\xamppN\htdocs\blog\framework\web\CController.php:486
Stack trace:
#0 E:\xamppN\htdocs\blog\framework\web\CController.php(270): CController->missingAction('posts')
#1 E:\xamppN\htdocs\blog\framework\web\CWebApplication.php(282): CController->run('posts')
#2 E:\xamppN\htdocs\blog\framework\web\CWebApplication.php(141): CWebApplication->runController('api/posts')
#3 E:\xamppN\htdocs\blog\framework\base\CApplication.php(185): CWebApplication->processRequest()
#4 E:\xamppN\htdocs\blog\milad\index.php(11): CApplication->run()
#5 {main}
REQUEST_URI=/blog/milad/index.php/api/posts
---
2020/03/07 18:57:09 [error] [exception.CHttpException.404] CHttpException: The system is unable to find the requested action "posts". in E:\xamppN\htdocs\blog\framework\web\CController.php:486
Stack trace:
#0 E:\xamppN\htdocs\blog\framework\web\CController.php(270): CController->missingAction('posts')
#1 E:\xamppN\htdocs\blog\framework\web\CWebApplication.php(282): CController->run('posts')
#2 E:\xamppN\htdocs\blog\framework\web\CWebApplication.php(141): CWebApplication->runController('api/posts')
#3 E:\xamppN\htdocs\blog\framework\base\CApplication.php(185): CWebApplication->processRequest()
#4 E:\xamppN\htdocs\blog\milad\index.php(11): CApplication->run()
#5 {main}
REQUEST_URI=/blog/milad/index.php/api/posts
---
2020/03/07 18:57:33 [error] [exception.CHttpException.404] CHttpException: The system is unable to find the requested action "posts". in E:\xamppN\htdocs\blog\framework\web\CController.php:486
Stack trace:
#0 E:\xamppN\htdocs\blog\framework\web\CController.php(270): CController->missingAction('posts')
#1 E:\xamppN\htdocs\blog\framework\web\CWebApplication.php(282): CController->run('posts')
#2 E:\xamppN\htdocs\blog\framework\web\CWebApplication.php(141): CWebApplication->runController('api/posts')
#3 E:\xamppN\htdocs\blog\framework\base\CApplication.php(185): CWebApplication->processRequest()
#4 E:\xamppN\htdocs\blog\milad\index.php(11): CApplication->run()
#5 {main}
REQUEST_URI=/blog/milad/index.php/api/posts
---
2020/03/07 18:57:34 [error] [exception.CHttpException.404] CHttpException: The system is unable to find the requested action "posts". in E:\xamppN\htdocs\blog\framework\web\CController.php:486
Stack trace:
#0 E:\xamppN\htdocs\blog\framework\web\CController.php(270): CController->missingAction('posts')
#1 E:\xamppN\htdocs\blog\framework\web\CWebApplication.php(282): CController->run('posts')
#2 E:\xamppN\htdocs\blog\framework\web\CWebApplication.php(141): CWebApplication->runController('api/posts')
#3 E:\xamppN\htdocs\blog\framework\base\CApplication.php(185): CWebApplication->processRequest()
#4 E:\xamppN\htdocs\blog\milad\index.php(11): CApplication->run()
#5 {main}
REQUEST_URI=/blog/milad/index.php/api/posts
---
2020/03/07 18:57:52 [error] [exception.CHttpException.404] CHttpException: The system is unable to find the requested action "posts". in E:\xamppN\htdocs\blog\framework\web\CController.php:486
Stack trace:
#0 E:\xamppN\htdocs\blog\framework\web\CController.php(270): CController->missingAction('posts')
#1 E:\xamppN\htdocs\blog\framework\web\CWebApplication.php(282): CController->run('posts')
#2 E:\xamppN\htdocs\blog\framework\web\CWebApplication.php(141): CWebApplication->runController('api/posts/2')
#3 E:\xamppN\htdocs\blog\framework\base\CApplication.php(185): CWebApplication->processRequest()
#4 E:\xamppN\htdocs\blog\milad\index.php(11): CApplication->run()
#5 {main}
REQUEST_URI=/blog/milad/index.php/api/posts/2
---
2020/03/07 18:58:11 [error] [exception.CHttpException.404] CHttpException: The system is unable to find the requested action "posts". in E:\xamppN\htdocs\blog\framework\web\CController.php:486
Stack trace:
#0 E:\xamppN\htdocs\blog\framework\web\CController.php(270): CController->missingAction('posts')
#1 E:\xamppN\htdocs\blog\framework\web\CWebApplication.php(282): CController->run('posts')
#2 E:\xamppN\htdocs\blog\framework\web\CWebApplication.php(141): CWebApplication->runController('api/posts')
#3 E:\xamppN\htdocs\blog\framework\base\CApplication.php(185): CWebApplication->processRequest()
#4 E:\xamppN\htdocs\blog\milad\index.php(11): CApplication->run()
#5 {main}
REQUEST_URI=/blog/milad/index.php/api/posts
---
2020/03/07 20:01:50 [error] [exception.CHttpException.404] CHttpException: Unable to resolve the request "gii". in E:\xamppN\htdocs\blog\framework\web\CWebApplication.php:286
Stack trace:
#0 E:\xamppN\htdocs\blog\framework\web\CWebApplication.php(141): CWebApplication->runController('gii')
#1 E:\xamppN\htdocs\blog\framework\base\CApplication.php(185): CWebApplication->processRequest()
#2 E:\xamppN\htdocs\blog\milad\index.php(11): CApplication->run()
#3 {main}
REQUEST_URI=/blog/milad/index.php/gii
---
